<?xml version="1.0" encoding="UTF-8"?>
<!-- Generated by org.testng.reporters.JUnitReportReporter -->
<testsuite skipped="2" hostname="welcom-PC" name="Academy.Homepage" tests="2" failures="0" timestamp="2021-06-25T16:50:37 IST" time="0.000" errors="0">
  <testcase name="basepagenavigation" time="0.000" classname="Academy.Homepage">
    <skipped/>
  </testcase> <!-- basepagenavigation -->
  <system-out/>
  <testcase name="basepagenavigation" time="0.000" classname="Academy.Homepage">
    <skipped/>
  </testcase> <!-- basepagenavigation -->
  <system-out/>
</testsuite> <!-- Academy.Homepage -->
